<?xml version="1.0" encoding="utf-8"?><testsuites name="pytest tests"><testsuite name="pytest" errors="0" failures="2" skipped="0" tests="8" time="137.466" timestamp="2026-02-10T11:03:06.886932+00:00" hostname="SAM-HP-X360"><testcase classname="tests.ui.test_smoke.TestSmoke" name="test_homepage_loads[firefox]" time="60.701" /><testcase classname="tests.ui.test_checkout.TestCheckout" name="test_cart_has_checkout_button[firefox]" time="68.433" /><testcase classname="tests.ui.test_login.TestLogin" name="test_valid_login[firefox-valid_user_1-sparkko@gmail.com-Testingpassword123]" time="114.216"><failure message="AssertionError: Failed to click on element 'button[data-qa='login-button']': Locator.click: Timeout 30000ms exceeded.&#10;Call log:&#10;  - waiting for locator(&quot;button[data-qa='login-button']&quot;)&#10;    - locator resolved to &lt;button type=&quot;submit&quot; data-qa=&quot;login-button&quot; class=&quot;btn btn-default&quot;&gt;Login&lt;/button&gt;&#10;  - attempting click action&#10;    2 × waiting for element to be visible, enabled and stable&#10;      - element is visible, enabled and stable&#10;      - scrolling into view if needed&#10;      - done scrolling&#10;      - &lt;div class=&quot;fc-dialog-overlay&quot;&gt;&lt;/div&gt; from &lt;div class=&quot;fc-consent-root&quot;&gt;…&lt;/div&gt; subtree intercepts pointer events&#10;    - retrying click action&#10;    - waiting 20ms&#10;    2 × waiting for element to be visible, enabled and stable&#10;      - element is visible, enabled and stable&#10;      - scrolling into view if needed&#10;      - done scrolling&#10;      - &lt;div class=&quot;fc-dialog-overlay&quot;&gt;&lt;/div&gt; from &lt;div class=&quot;fc-consent-root&quot;&gt;…&lt;/div&gt; subtree intercepts pointer events&#10;    - retrying click action&#10;      - waiting 100ms&#10;    37 × waiting for element to be visible, enabled and stable&#10;       - element is visible, enabled and stable&#10;       - scrolling into view if needed&#10;       - done scrolling&#10;       - &lt;div class=&quot;fc-dialog-overlay&quot;&gt;&lt;/div&gt; from &lt;div class=&quot;fc-consent-root&quot;&gt;…&lt;/div&gt; subtree intercepts pointer events&#10;     - retrying click action&#10;       - waiting 500ms">pages\base_page.py:102: in click
    self.wait_for_element(selector, timeout).click()
.venv\Lib\site-packages\playwright\sync_api\_generated.py:15631: in click
    self._sync(
.venv\Lib\site-packages\playwright\_impl\_locator.py:162: in click
    return await self._frame._click(self._selector, strict=True, **params)
           ^^^^^^^^^^^^^^^^^^^^^^^^^^^^^^^^^^^^^^^^^^^^^^^^^^^^^^^^^^^^^^^
.venv\Lib\site-packages\playwright\_impl\_frame.py:566: in _click
    await self._channel.send("click", self._timeout, locals_to_params(locals()))
.venv\Lib\site-packages\playwright\_impl\_connection.py:69: in send
    return await self._connection.wrap_api_call(
.venv\Lib\site-packages\playwright\_impl\_connection.py:559: in wrap_api_call
    raise rewrite_error(error, f"{parsed_st['apiName']}: {error}") from None
E   playwright._impl._errors.TimeoutError: Locator.click: Timeout 30000ms exceeded.
E   Call log:
E     - waiting for locator("button[data-qa='login-button']")
E       - locator resolved to &lt;button type="submit" data-qa="login-button" class="btn btn-default"&gt;Login&lt;/button&gt;
E     - attempting click action
E       2 × waiting for element to be visible, enabled and stable
E         - element is visible, enabled and stable
E         - scrolling into view if needed
E         - done scrolling
E         - &lt;div class="fc-dialog-overlay"&gt;&lt;/div&gt; from &lt;div class="fc-consent-root"&gt;…&lt;/div&gt; subtree intercepts pointer events
E       - retrying click action
E       - waiting 20ms
E       2 × waiting for element to be visible, enabled and stable
E         - element is visible, enabled and stable
E         - scrolling into view if needed
E         - done scrolling
E         - &lt;div class="fc-dialog-overlay"&gt;&lt;/div&gt; from &lt;div class="fc-consent-root"&gt;…&lt;/div&gt; subtree intercepts pointer events
E       - retrying click action
E         - waiting 100ms
E       37 × waiting for element to be visible, enabled and stable
E          - element is visible, enabled and stable
E          - scrolling into view if needed
E          - done scrolling
E          - &lt;div class="fc-dialog-overlay"&gt;&lt;/div&gt; from &lt;div class="fc-consent-root"&gt;…&lt;/div&gt; subtree intercepts pointer events
E        - retrying click action
E          - waiting 500ms

During handling of the above exception, another exception occurred:
tests\ui\test_login.py:140: in test_valid_login
    login_page.click(login_page.LOGIN_BTN)
pages\base_page.py:106: in click
    raise AssertionError(f"Failed to click on element '{selector}': {str(e)}")
E   AssertionError: Failed to click on element 'button[data-qa='login-button']': Locator.click: Timeout 30000ms exceeded.
E   Call log:
E     - waiting for locator("button[data-qa='login-button']")
E       - locator resolved to &lt;button type="submit" data-qa="login-button" class="btn btn-default"&gt;Login&lt;/button&gt;
E     - attempting click action
E       2 × waiting for element to be visible, enabled and stable
E         - element is visible, enabled and stable
E         - scrolling into view if needed
E         - done scrolling
E         - &lt;div class="fc-dialog-overlay"&gt;&lt;/div&gt; from &lt;div class="fc-consent-root"&gt;…&lt;/div&gt; subtree intercepts pointer events
E       - retrying click action
E       - waiting 20ms
E       2 × waiting for element to be visible, enabled and stable
E         - element is visible, enabled and stable
E         - scrolling into view if needed
E         - done scrolling
E         - &lt;div class="fc-dialog-overlay"&gt;&lt;/div&gt; from &lt;div class="fc-consent-root"&gt;…&lt;/div&gt; subtree intercepts pointer events
E       - retrying click action
E         - waiting 100ms
E       37 × waiting for element to be visible, enabled and stable
E          - element is visible, enabled and stable
E          - scrolling into view if needed
E          - done scrolling
E          - &lt;div class="fc-dialog-overlay"&gt;&lt;/div&gt; from &lt;div class="fc-consent-root"&gt;…&lt;/div&gt; subtree intercepts pointer events
E        - retrying click action
E          - waiting 500ms</failure></testcase><testcase classname="tests.ui.test_smoke.TestSmoke" name="test_add_to_cart_flow[firefox]" time="92.979" /><testcase classname="tests.ui.test_smoke.TestSmoke" name="test_user_registration_flow[firefox]" time="68.768"><failure message="AssertionError: Failed to register user: Failed to click on element 'button[data-qa='signup-button']': Locator.click: Timeout 30000ms exceeded.&#10;Call log:&#10;  - waiting for locator(&quot;button[data-qa='signup-button']&quot;)&#10;    - locator resolved to &lt;button type=&quot;submit&quot; data-qa=&quot;signup-button&quot; class=&quot;btn btn-default&quot;&gt;Signup&lt;/button&gt;&#10;  - attempting click action&#10;    2 × waiting for element to be visible, enabled and stable&#10;      - element is visible, enabled and stable&#10;      - scrolling into view if needed&#10;      - done scrolling&#10;      - &lt;span class=&quot;fc-stack-name&quot;&gt;Personalised advertising and content, advertising…&lt;/span&gt; from &lt;div class=&quot;fc-consent-root&quot;&gt;…&lt;/div&gt; subtree intercepts pointer events&#10;    - retrying click action&#10;    - waiting 20ms&#10;    2 × waiting for element to be visible, enabled and stable&#10;      - element is visible, enabled and stable&#10;      - scrolling into view if needed&#10;      - done scrolling&#10;      - &lt;span class=&quot;fc-stack-name&quot;&gt;Personalised advertising and content, advertising…&lt;/span&gt; from &lt;div class=&quot;fc-consent-root&quot;&gt;…&lt;/div&gt; subtree intercepts pointer events&#10;    - retrying click action&#10;      - waiting 100ms&#10;    41 × waiting for element to be visible, enabled and stable&#10;       - element is visible, enabled and stable&#10;       - scrolling into view if needed&#10;       - done scrolling&#10;       - &lt;span class=&quot;fc-stack-name&quot;&gt;Personalised advertising and content, advertising…&lt;/span&gt; from &lt;div class=&quot;fc-consent-root&quot;&gt;…&lt;/div&gt; subtree intercepts pointer events&#10;     - retrying click action&#10;       - waiting 500ms">pages\base_page.py:102: in click
    self.wait_for_element(selector, timeout).click()
.venv\Lib\site-packages\playwright\sync_api\_generated.py:15631: in click
    self._sync(
.venv\Lib\site-packages\playwright\_impl\_locator.py:162: in click
    return await self._frame._click(self._selector, strict=True, **params)
           ^^^^^^^^^^^^^^^^^^^^^^^^^^^^^^^^^^^^^^^^^^^^^^^^^^^^^^^^^^^^^^^
.venv\Lib\site-packages\playwright\_impl\_frame.py:566: in _click
    await self._channel.send("click", self._timeout, locals_to_params(locals()))
.venv\Lib\site-packages\playwright\_impl\_connection.py:69: in send
    return await self._connection.wrap_api_call(
.venv\Lib\site-packages\playwright\_impl\_connection.py:559: in wrap_api_call
    raise rewrite_error(error, f"{parsed_st['apiName']}: {error}") from None
E   playwright._impl._errors.TimeoutError: Locator.click: Timeout 30000ms exceeded.
E   Call log:
E     - waiting for locator("button[data-qa='signup-button']")
E       - locator resolved to &lt;button type="submit" data-qa="signup-button" class="btn btn-default"&gt;Signup&lt;/button&gt;
E     - attempting click action
E       2 × waiting for element to be visible, enabled and stable
E         - element is visible, enabled and stable
E         - scrolling into view if needed
E         - done scrolling
E         - &lt;span class="fc-stack-name"&gt;Personalised advertising and content, advertising…&lt;/span&gt; from &lt;div class="fc-consent-root"&gt;…&lt;/div&gt; subtree intercepts pointer events
E       - retrying click action
E       - waiting 20ms
E       2 × waiting for element to be visible, enabled and stable
E         - element is visible, enabled and stable
E         - scrolling into view if needed
E         - done scrolling
E         - &lt;span class="fc-stack-name"&gt;Personalised advertising and content, advertising…&lt;/span&gt; from &lt;div class="fc-consent-root"&gt;…&lt;/div&gt; subtree intercepts pointer events
E       - retrying click action
E         - waiting 100ms
E       41 × waiting for element to be visible, enabled and stable
E          - element is visible, enabled and stable
E          - scrolling into view if needed
E          - done scrolling
E          - &lt;span class="fc-stack-name"&gt;Personalised advertising and content, advertising…&lt;/span&gt; from &lt;div class="fc-consent-root"&gt;…&lt;/div&gt; subtree intercepts pointer events
E        - retrying click action
E          - waiting 500ms

During handling of the above exception, another exception occurred:
pages\login_page.py:96: in register_new_user
    self.click(self.SIGNUP_BTN)
pages\base_page.py:106: in click
    raise AssertionError(f"Failed to click on element '{selector}': {str(e)}")
E   AssertionError: Failed to click on element 'button[data-qa='signup-button']': Locator.click: Timeout 30000ms exceeded.
E   Call log:
E     - waiting for locator("button[data-qa='signup-button']")
E       - locator resolved to &lt;button type="submit" data-qa="signup-button" class="btn btn-default"&gt;Signup&lt;/button&gt;
E     - attempting click action
E       2 × waiting for element to be visible, enabled and stable
E         - element is visible, enabled and stable
E         - scrolling into view if needed
E         - done scrolling
E         - &lt;span class="fc-stack-name"&gt;Personalised advertising and content, advertising…&lt;/span&gt; from &lt;div class="fc-consent-root"&gt;…&lt;/div&gt; subtree intercepts pointer events
E       - retrying click action
E       - waiting 20ms
E       2 × waiting for element to be visible, enabled and stable
E         - element is visible, enabled and stable
E         - scrolling into view if needed
E         - done scrolling
E         - &lt;span class="fc-stack-name"&gt;Personalised advertising and content, advertising…&lt;/span&gt; from &lt;div class="fc-consent-root"&gt;…&lt;/div&gt; subtree intercepts pointer events
E       - retrying click action
E         - waiting 100ms
E       41 × waiting for element to be visible, enabled and stable
E          - element is visible, enabled and stable
E          - scrolling into view if needed
E          - done scrolling
E          - &lt;span class="fc-stack-name"&gt;Personalised advertising and content, advertising…&lt;/span&gt; from &lt;div class="fc-consent-root"&gt;…&lt;/div&gt; subtree intercepts pointer events
E        - retrying click action
E          - waiting 500ms

During handling of the above exception, another exception occurred:
tests\ui\test_smoke.py:117: in test_user_registration_flow
    login_page.register_new_user(unique_name, unique_email)
pages\login_page.py:100: in register_new_user
    raise AssertionError(f"Failed to register user: {str(e)}")
E   AssertionError: Failed to register user: Failed to click on element 'button[data-qa='signup-button']': Locator.click: Timeout 30000ms exceeded.
E   Call log:
E     - waiting for locator("button[data-qa='signup-button']")
E       - locator resolved to &lt;button type="submit" data-qa="signup-button" class="btn btn-default"&gt;Signup&lt;/button&gt;
E     - attempting click action
E       2 × waiting for element to be visible, enabled and stable
E         - element is visible, enabled and stable
E         - scrolling into view if needed
E         - done scrolling
E         - &lt;span class="fc-stack-name"&gt;Personalised advertising and content, advertising…&lt;/span&gt; from &lt;div class="fc-consent-root"&gt;…&lt;/div&gt; subtree intercepts pointer events
E       - retrying click action
E       - waiting 20ms
E       2 × waiting for element to be visible, enabled and stable
E         - element is visible, enabled and stable
E         - scrolling into view if needed
E         - done scrolling
E         - &lt;span class="fc-stack-name"&gt;Personalised advertising and content, advertising…&lt;/span&gt; from &lt;div class="fc-consent-root"&gt;…&lt;/div&gt; subtree intercepts pointer events
E       - retrying click action
E         - waiting 100ms
E       41 × waiting for element to be visible, enabled and stable
E          - element is visible, enabled and stable
E          - scrolling into view if needed
E          - done scrolling
E          - &lt;span class="fc-stack-name"&gt;Personalised advertising and content, advertising…&lt;/span&gt; from &lt;div class="fc-consent-root"&gt;…&lt;/div&gt; subtree intercepts pointer events
E        - retrying click action
E          - waiting 500ms</failure></testcase><testcase classname="tests.ui.test_checkout.TestCheckout" name="test_cart_item_count_returns_integer[firefox-int]" time="40.191" /><testcase classname="tests.ui.test_login.TestLogin" name="test_invalid_login[firefox-empty_email--SomePassword123-Email Address is required]" time="20.131" /><testcase classname="tests.ui.test_login.TestLogin" name="test_invalid_login[firefox-invalid_email_password-wronguser@example.com-Wrongpassword123-Your email or password is incorrect]" time="16.048" /></testsuite></testsuites>